Arguments: 
  C:\Program Files\nodejs\node.exe C:\Users\Shriram\AppData\Roaming\npm\node_modules\yarn\bin\yarn.js add react-native-shadow

PATH: 
  C:\Program Files\Git\mingw64\bin;C:\Program Files\Git\usr\bin;C:\Users\Shriram\bin;C:\Program Files (x86)\Common Files\Oracle\Java\javapath;C:\WINDOWS\system32;C:\WINDOWS;C:\WINDOWS\System32\Wbem;C:\WINDOWS\System32\WindowsPowerShell\v1.0;C:\Program Files\MongoDB\Server\3.6\bin;C:\Program Files\Microsoft VS Code\bin;C:\Program Files\Git\cmd;C:\WINDOWS\System32\OpenSSH;C:\Program Files\nodejs;C:\Users\Shriram\AppData\Local\Programs\Python\Python36\Scripts;C:\Users\Shriram\AppData\Local\Programs\Python\Python36;C:\Windows\system32;C:\Windows;C:\Windows\System32\Wbem;C:\Windows\System32\WindowsPowerShell\v1.0;C:\Users\Shriram\AppData\Local\Microsoft\WindowsApps;C:\Program Files\Microsoft VS Code\bin;C:\Users\Shriram\AppData\Local\Packages\CanonicalGroupLimited.UbuntuonWindows_79rhkp1fndgsc\LocalState\rootfs\home\shriram\.npm-global;C:\Users\Shriram\AppData\Local\hyper\app-2.0.0\resources\bin;C:\Users\Shriram\AppData\Local\Microsoft\WindowsApps;C:\Users\Shriram\AppData\Local\Programs\Microsoft VS Code\bin;C:\Users\Shriram\AppData\Roaming\npm;C:\Program Files\nodejs

Yarn version: 
  1.12.3

Node version: 
  10.10.0

Platform: 
  win32 x64

Trace: 
  Error: EPERM: operation not permitted, unlink 'C:\Users\Shriram\Documents\React nanodegree\mobile-flashcards\node_modules\.cache\@babel\register'

npm manifest: 
  {
    "main": "node_modules/expo/AppEntry.js",
    "scripts": {
      "start": "expo start",
      "android": "expo start --android",
      "ios": "expo start --ios",
      "eject": "expo eject"
    },
    "dependencies": {
      "expo": "^31.0.2",
      "react": "16.5.0",
      "react-native": "https://github.com/expo/react-native/archive/sdk-31.0.0.tar.gz",
      "react-native-material-ui": "^1.30.1",
      "react-navigation": "^3.0.4"
    },
    "devDependencies": {
      "babel-preset-expo": "^5.0.0"
    },
    "private": true
  }

yarn manifest: 
  No manifest

Lockfile: 
  No lockfile
